# JRE version: OpenJDK Runtime Environment Temurin-21.0.9+10 (21.0.9+10) (build 21.0.9+10-LTS)
# Java VM: OpenJDK 64-Bit Server VM Temurin-21.0.9+10 (21.0.9+10-LTS, mixed mode, sharing, tiered, compressed oops, compressed class ptrs, parallel gc, windows-amd64)
GC Precious Log:
 CardTable entry size: 512
 CPUs: 12 total, 12 available
 Memory: 7896M
 Large Page Support: Disabled
 NUMA Support: Disabled
 Compressed Oops: Enabled (32-bit)
 Alignments: Space 512K, Generation 512K, Heap 2M
 Heap Min Capacity: 100M
 Heap Initial Capacity: 100M
 Heap Max Capacity: 2G
 Pre-touch: Disabled
 Parallel Workers: 10
Heap:
 PSYoungGen      total 23040K, used 10136K [0x00000000d5580000, 0x00000000d6e80000, 0x0000000100000000)
  eden space 21504K, 40% used [0x00000000d5580000,0x00000000d5e12dc0,0x00000000d6a80000)
  from space 1536K, 88% used [0x00000000d6d00000,0x00000000d6e53358,0x00000000d6e80000)
  to   space 2048K, 0% used [0x00000000d6a80000,0x00000000d6a80000,0x00000000d6c80000)
 ParOldGen       total 68608K, used 31704K [0x0000000080000000, 0x0000000084300000, 0x00000000d5580000)
  object space 68608K, 46% used [0x0000000080000000,0x0000000081ef6010,0x0000000084300000)
 Metaspace       used 37725K, committed 38656K, reserved 1114112K
  class space    used 3837K, committed 4288K, reserved 1048576K
GC Heap History (20 events):
Event: 42.782 GC heap before
{Heap before GC invocations=13 (full 1):
 PSYoungGen      total 24576K, used 24384K [0x00000000d5580000, 0x00000000d7080000, 0x0000000100000000)
  eden space 22016K, 100% used [0x00000000d5580000,0x00000000d6b00000,0x00000000d6b00000)
  from space 2560K, 92% used [0x00000000d6d00000,0x00000000d6f50030,0x00000000d6f80000)
  to   space 1024K, 0% used [0x00000000d6f80000,0x00000000d6f80000,0x00000000d7080000)
 ParOldGen       total 68608K, used 17591K [0x0000000080000000, 0x0000000084300000, 0x00000000d5580000)
  object space 68608K, 25% used [0x0000000080000000,0x000000008112df40,0x0000000084300000)
 Metaspace       used 32106K, committed 33152K, reserved 1114112K
  class space    used 3248K, committed 3712K, reserved 1048576K
}
Event: 42.786 GC heap after
{Heap after GC invocations=13 (full 1):
 PSYoungGen      total 22528K, used 992K [0x00000000d5580000, 0x00000000d7500000, 0x0000000100000000)
  eden space 21504K, 0% used [0x00000000d5580000,0x00000000d5580000,0x00000000d6a80000)
  from space 1024K, 96% used [0x00000000d6f80000,0x00000000d7078020,0x00000000d7080000)
  to   space 5120K, 0% used [0x00000000d6a80000,0x00000000d6a80000,0x00000000d6f80000)
 ParOldGen       total 68608K, used 21115K [0x0000000080000000, 0x0000000084300000, 0x00000000d5580000)
  object space 68608K, 30% used [0x0000000080000000,0x000000008149ed10,0x0000000084300000)
 Metaspace       used 32106K, committed 33152K, reserved 1114112K
  class space    used 3248K, committed 3712K, reserved 1048576K
}
Event: 42.862 GC heap before
{Heap before GC invocations=14 (full 1):
 PSYoungGen      total 22528K, used 22496K [0x00000000d5580000, 0x00000000d7500000, 0x0000000100000000)
  eden space 21504K, 100% used [0x00000000d5580000,0x00000000d6a80000,0x00000000d6a80000)
  from space 1024K, 96% used [0x00000000d6f80000,0x00000000d7078020,0x00000000d7080000)
  to   space 5120K, 0% used [0x00000000d6a80000,0x00000000d6a80000,0x00000000d6f80000)
 ParOldGen       total 68608K, used 21115K [0x0000000080000000, 0x0000000084300000, 0x00000000d5580000)
  object space 68608K, 30% used [0x0000000080000000,0x000000008149ed10,0x0000000084300000)
 Metaspace       used 32121K, committed 33152K, reserved 1114112K
  class space    used 3248K, committed 3712K, reserved 1048576K
}
Event: 42.866 GC heap after
{Heap after GC invocations=14 (full 1):
 PSYoungGen      total 24576K, used 2626K [0x00000000d5580000, 0x00000000d7180000, 0x0000000100000000)
  eden space 21504K, 0% used [0x00000000d5580000,0x00000000d5580000,0x00000000d6a80000)
  from space 3072K, 85% used [0x00000000d6a80000,0x00000000d6d10810,0x00000000d6d80000)
  to   space 3584K, 0% used [0x00000000d6e00000,0x00000000d6e00000,0x00000000d7180000)
 ParOldGen       total 68608K, used 22094K [0x0000000080000000, 0x0000000084300000, 0x00000000d5580000)
  object space 68608K, 32% used [0x0000000080000000,0x0000000081593a08,0x0000000084300000)
 Metaspace       used 32121K, committed 33152K, reserved 1114112K
  class space    used 3248K, committed 3712K, reserved 1048576K
}
Event: 42.930 GC heap before
{Heap before GC invocations=15 (full 1):
 PSYoungGen      total 24576K, used 24130K [0x00000000d5580000, 0x00000000d7180000, 0x0000000100000000)
  eden space 21504K, 100% used [0x00000000d5580000,0x00000000d6a80000,0x00000000d6a80000)
  from space 3072K, 85% used [0x00000000d6a80000,0x00000000d6d10810,0x00000000d6d80000)
  to   space 3584K, 0% used [0x00000000d6e00000,0x00000000d6e00000,0x00000000d7180000)
 ParOldGen       total 68608K, used 22094K [0x0000000080000000, 0x0000000084300000, 0x00000000d5580000)
  object space 68608K, 32% used [0x0000000080000000,0x0000000081593a08,0x0000000084300000)
 Metaspace       used 32131K, committed 33152K, reserved 1114112K
  class space    used 3248K, committed 3712K, reserved 1048576K
}
Event: 42.934 GC heap after
{Heap after GC invocations=15 (full 1):
 PSYoungGen      total 24064K, used 2372K [0x00000000d5580000, 0x00000000d7080000, 0x0000000100000000)
  eden space 21504K, 0% used [0x00000000d5580000,0x00000000d5580000,0x00000000d6a80000)
  from space 2560K, 92% used [0x00000000d6e00000,0x00000000d7051000,0x00000000d7080000)
  to   space 3072K, 0% used [0x00000000d6a80000,0x00000000d6a80000,0x00000000d6d80000)
 ParOldGen       total 68608K, used 24500K [0x0000000080000000, 0x0000000084300000, 0x00000000d5580000)
  object space 68608K, 35% used [0x0000000080000000,0x00000000817ed3c8,0x0000000084300000)
 Metaspace       used 32131K, committed 33152K, reserved 1114112K
  class space    used 3248K, committed 3712K, reserved 1048576K
}
Event: 43.015 GC heap before
{Heap before GC invocations=16 (full 1):
 PSYoungGen      total 24064K, used 23876K [0x00000000d5580000, 0x00000000d7080000, 0x0000000100000000)
  eden space 21504K, 100% used [0x00000000d5580000,0x00000000d6a80000,0x00000000d6a80000)
  from space 2560K, 92% used [0x00000000d6e00000,0x00000000d7051000,0x00000000d7080000)
  to   space 3072K, 0% used [0x00000000d6a80000,0x00000000d6a80000,0x00000000d6d80000)
 ParOldGen       total 68608K, used 24500K [0x0000000080000000, 0x0000000084300000, 0x00000000d5580000)
  object space 68608K, 35% used [0x0000000080000000,0x00000000817ed3c8,0x0000000084300000)
 Metaspace       used 32175K, committed 33152K, reserved 1114112K
  class space    used 3248K, committed 3712K, reserved 1048576K
}
Event: 43.019 GC heap after
{Heap after GC invocations=16 (full 1):
 PSYoungGen      total 24064K, used 2464K [0x00000000d5580000, 0x00000000d6f80000, 0x0000000100000000)
  eden space 21504K, 0% used [0x00000000d5580000,0x00000000d5580000,0x00000000d6a80000)
  from space 2560K, 96% used [0x00000000d6a80000,0x00000000d6ce8010,0x00000000d6d00000)
  to   space 2560K, 0% used [0x00000000d6d00000,0x00000000d6d00000,0x00000000d6f80000)
 ParOldGen       total 68608K, used 26738K [0x0000000080000000, 0x0000000084300000, 0x00000000d5580000)
  object space 68608K, 38% used [0x0000000080000000,0x0000000081a1c9f0,0x0000000084300000)
 Metaspace       used 32175K, committed 33152K, reserved 1114112K
  class space    used 3248K, committed 3712K, reserved 1048576K
}
Event: 43.190 GC heap before
{Heap before GC invocations=17 (full 1):
 PSYoungGen      total 24064K, used 23968K [0x00000000d5580000, 0x00000000d6f80000, 0x0000000100000000)
  eden space 21504K, 100% used [0x00000000d5580000,0x00000000d6a80000,0x00000000d6a80000)
  from space 2560K, 96% used [0x00000000d6a80000,0x00000000d6ce8010,0x00000000d6d00000)
  to   space 2560K, 0% used [0x00000000d6d00000,0x00000000d6d00000,0x00000000d6f80000)
 ParOldGen       total 68608K, used 26738K [0x0000000080000000, 0x0000000084300000, 0x00000000d5580000)
  object space 68608K, 38% used [0x0000000080000000,0x0000000081a1c9f0,0x0000000084300000)
 Metaspace       used 32790K, committed 33728K, reserved 1114112K
  class space    used 3330K, committed 3776K, reserved 1048576K
}
Event: 43.194 GC heap after
{Heap after GC invocations=17 (full 1):
 PSYoungGen      total 24064K, used 1952K [0x00000000d5580000, 0x00000000d6f80000, 0x0000000100000000)
  eden space 21504K, 0% used [0x00000000d5580000,0x00000000d5580000,0x00000000d6a80000)
  from space 2560K, 76% used [0x00000000d6d00000,0x00000000d6ee8000,0x00000000d6f80000)
  to   space 2560K, 0% used [0x00000000d6a80000,0x00000000d6a80000,0x00000000d6d00000)
 ParOldGen       total 68608K, used 29066K [0x0000000080000000, 0x0000000084300000, 0x00000000d5580000)
  object space 68608K, 42% used [0x0000000080000000,0x0000000081c62a00,0x0000000084300000)
 Metaspace       used 32790K, committed 33728K, reserved 1114112K
  class space    used 3330K, committed 3776K, reserved 1048576K
}
Event: 43.772 GC heap before
{Heap before GC invocations=18 (full 1):
 PSYoungGen      total 24064K, used 23456K [0x00000000d5580000, 0x00000000d6f80000, 0x0000000100000000)
  eden space 21504K, 100% used [0x00000000d5580000,0x00000000d6a80000,0x00000000d6a80000)
  from space 2560K, 76% used [0x00000000d6d00000,0x00000000d6ee8000,0x00000000d6f80000)
  to   space 2560K, 0% used [0x00000000d6a80000,0x00000000d6a80000,0x00000000d6d00000)
 ParOldGen       total 68608K, used 29066K [0x0000000080000000, 0x0000000084300000, 0x00000000d5580000)
  object space 68608K, 42% used [0x0000000080000000,0x0000000081c62a00,0x0000000084300000)
 Metaspace       used 34455K, committed 35392K, reserved 1114112K
  class space    used 3552K, committed 3968K, reserved 1048576K
}
Event: 43.775 GC heap after
{Heap after GC invocations=18 (full 1):
 PSYoungGen      total 22528K, used 756K [0x00000000d5580000, 0x00000000d6d80000, 0x0000000100000000)
  eden space 21504K, 0% used [0x00000000d5580000,0x00000000d5580000,0x00000000d6a80000)
  from space 1024K, 73% used [0x00000000d6a80000,0x00000000d6b3d3f8,0x00000000d6b80000)
  to   space 1536K, 0% used [0x00000000d6c00000,0x00000000d6c00000,0x00000000d6d80000)
 ParOldGen       total 68608K, used 30878K [0x0000000080000000, 0x0000000084300000, 0x00000000d5580000)
  object space 68608K, 45% used [0x0000000080000000,0x0000000081e278e0,0x0000000084300000)
 Metaspace       used 34455K, committed 35392K, reserved 1114112K
  class space    used 3552K, committed 3968K, reserved 1048576K
}
Event: 44.097 GC heap before
{Heap before GC invocations=19 (full 1):
 PSYoungGen      total 22528K, used 9085K [0x00000000d5580000, 0x00000000d6d80000, 0x0000000100000000)
  eden space 21504K, 38% used [0x00000000d5580000,0x00000000d5da22a8,0x00000000d6a80000)
  from space 1024K, 73% used [0x00000000d6a80000,0x00000000d6b3d3f8,0x00000000d6b80000)
  to   space 1536K, 0% used [0x00000000d6c00000,0x00000000d6c00000,0x00000000d6d80000)
 ParOldGen       total 68608K, used 30878K [0x0000000080000000, 0x0000000084300000, 0x00000000d5580000)
  object space 68608K, 45% used [0x0000000080000000,0x0000000081e278e0,0x0000000084300000)
 Metaspace       used 34913K, committed 35840K, reserved 1114112K
  class space    used 3596K, committed 4032K, reserved 1048576K
}
Event: 44.098 GC heap after
{Heap after GC invocations=19 (full 1):
 PSYoungGen      total 22016K, used 384K [0x00000000d5580000, 0x00000000d6c80000, 0x0000000100000000)
  eden space 21504K, 0% used [0x00000000d5580000,0x00000000d5580000,0x00000000d6a80000)
  from space 512K, 75% used [0x00000000d6c00000,0x00000000d6c60010,0x00000000d6c80000)
  to   space 1024K, 0% used [0x00000000d6a80000,0x00000000d6a80000,0x00000000d6b80000)
 ParOldGen       total 68608K, used 31438K [0x0000000080000000, 0x0000000084300000, 0x00000000d5580000)
  object space 68608K, 45% used [0x0000000080000000,0x0000000081eb3808,0x0000000084300000)
 Metaspace       used 34913K, committed 35840K, reserved 1114112K
  class space    used 3596K, committed 4032K, reserved 1048576K
}
Event: 44.098 GC heap before
{Heap before GC invocations=20 (full 2):
 PSYoungGen      total 22016K, used 384K [0x00000000d5580000, 0x00000000d6c80000, 0x0000000100000000)
  eden space 21504K, 0% used [0x00000000d5580000,0x00000000d5580000,0x00000000d6a80000)
  from space 512K, 75% used [0x00000000d6c00000,0x00000000d6c60010,0x00000000d6c80000)
  to   space 1024K, 0% used [0x00000000d6a80000,0x00000000d6a80000,0x00000000d6b80000)
 ParOldGen       total 68608K, used 31438K [0x0000000080000000, 0x0000000084300000, 0x00000000d5580000)
  object space 68608K, 45% used [0x0000000080000000,0x0000000081eb3808,0x0000000084300000)
 Metaspace       used 34913K, committed 35840K, reserved 1114112K
  class space    used 3596K, committed 4032K, reserved 1048576K
}
Event: 44.186 GC heap after
{Heap after GC invocations=20 (full 2):
 PSYoungGen      total 22016K, used 0K [0x00000000d5580000, 0x00000000d6c80000, 0x0000000100000000)
  eden space 21504K, 0% used [0x00000000d5580000,0x00000000d5580000,0x00000000d6a80000)
  from space 512K, 0% used [0x00000000d6c00000,0x00000000d6c00000,0x00000000d6c80000)
  to   space 1024K, 0% used [0x00000000d6a80000,0x00000000d6a80000,0x00000000d6b80000)
 ParOldGen       total 68608K, used 30338K [0x0000000080000000, 0x0000000084300000, 0x00000000d5580000)
  object space 68608K, 44% used [0x0000000080000000,0x0000000081da0a98,0x0000000084300000)
 Metaspace       used 34913K, committed 35840K, reserved 1114112K
  class space    used 3596K, committed 4032K, reserved 1048576K
}
Event: 45.437 GC heap before
{Heap before GC invocations=21 (full 2):
 PSYoungGen      total 22016K, used 21504K [0x00000000d5580000, 0x00000000d6c80000, 0x0000000100000000)
  eden space 21504K, 100% used [0x00000000d5580000,0x00000000d6a80000,0x00000000d6a80000)
  from space 512K, 0% used [0x00000000d6c00000,0x00000000d6c00000,0x00000000d6c80000)
  to   space 1024K, 0% used [0x00000000d6a80000,0x00000000d6a80000,0x00000000d6b80000)
 ParOldGen       total 68608K, used 30338K [0x0000000080000000, 0x0000000084300000, 0x00000000d5580000)
  object space 68608K, 44% used [0x0000000080000000,0x0000000081da0a98,0x0000000084300000)
 Metaspace       used 35837K, committed 36736K, reserved 1114112K
  class space    used 3674K, committed 4096K, reserved 1048576K
}
Event: 45.439 GC heap after
{Heap after GC invocations=21 (full 2):
 PSYoungGen      total 22528K, used 1001K [0x00000000d5580000, 0x00000000d6f80000, 0x0000000100000000)
  eden space 21504K, 0% used [0x00000000d5580000,0x00000000d5580000,0x00000000d6a80000)
  from space 1024K, 97% used [0x00000000d6a80000,0x00000000d6b7a410,0x00000000d6b80000)
  to   space 2560K, 0% used [0x00000000d6d00000,0x00000000d6d00000,0x00000000d6f80000)
 ParOldGen       total 68608K, used 31424K [0x0000000080000000, 0x0000000084300000, 0x00000000d5580000)
  object space 68608K, 45% used [0x0000000080000000,0x0000000081eb0010,0x0000000084300000)
 Metaspace       used 35837K, committed 36736K, reserved 1114112K
  class space    used 3674K, committed 4096K, reserved 1048576K
}
Event: 46.492 GC heap before
{Heap before GC invocations=22 (full 2):
 PSYoungGen      total 22528K, used 22505K [0x00000000d5580000, 0x00000000d6f80000, 0x0000000100000000)
  eden space 21504K, 100% used [0x00000000d5580000,0x00000000d6a80000,0x00000000d6a80000)
  from space 1024K, 97% used [0x00000000d6a80000,0x00000000d6b7a410,0x00000000d6b80000)
  to   space 2560K, 0% used [0x00000000d6d00000,0x00000000d6d00000,0x00000000d6f80000)
 ParOldGen       total 68608K, used 31424K [0x0000000080000000, 0x0000000084300000, 0x00000000d5580000)
  object space 68608K, 45% used [0x0000000080000000,0x0000000081eb0010,0x0000000084300000)
 Metaspace       used 35847K, committed 36800K, reserved 1114112K
  class space    used 3674K, committed 4096K, reserved 1048576K
}
Event: 46.493 GC heap after
{Heap after GC invocations=22 (full 2):
 PSYoungGen      total 23040K, used 1356K [0x00000000d5580000, 0x00000000d6e80000, 0x0000000100000000)
  eden space 21504K, 0% used [0x00000000d5580000,0x00000000d5580000,0x00000000d6a80000)
  from space 1536K, 88% used [0x00000000d6d00000,0x00000000d6e53358,0x00000000d6e80000)
  to   space 2048K, 0% used [0x00000000d6a80000,0x00000000d6a80000,0x00000000d6c80000)
 ParOldGen       total 68608K, used 31704K [0x0000000080000000, 0x0000000084300000, 0x00000000d5580000)
  object space 68608K, 46% used [0x0000000080000000,0x0000000081ef6010,0x0000000084300000)
 Metaspace       used 35847K, committed 36800K, reserved 1114112K
  class space    used 3674K, committed 4096K, reserved 1048576K
}

