# JRE version: OpenJDK Runtime Environment Temurin-21.0.9+10 (21.0.9+10) (build 21.0.9+10-LTS)
# Java VM: OpenJDK 64-Bit Server VM Temurin-21.0.9+10 (21.0.9+10-LTS, mixed mode, sharing, tiered, compressed oops, compressed class ptrs, parallel gc, windows-amd64)
GC Precious Log:
 CardTable entry size: 512
 CPUs: 12 total, 12 available
 Memory: 7896M
 Large Page Support: Disabled
 NUMA Support: Disabled
 Compressed Oops: Enabled (32-bit)
 Alignments: Space 512K, Generation 512K, Heap 2M
 Heap Min Capacity: 100M
 Heap Initial Capacity: 100M
 Heap Max Capacity: 2G
 Pre-touch: Disabled
 Parallel Workers: 10
Heap:
 PSYoungGen      total 23552K, used 16231K [0x00000000d5580000, 0x00000000d6e80000, 0x0000000100000000)
  eden space 22016K, 68% used [0x00000000d5580000,0x00000000d642b008,0x00000000d6b00000)
  from space 1536K, 78% used [0x00000000d6c00000,0x00000000d6d2eeb0,0x00000000d6d80000)
  to   space 1024K, 0% used [0x00000000d6d80000,0x00000000d6d80000,0x00000000d6e80000)
 ParOldGen       total 68608K, used 19348K [0x0000000080000000, 0x0000000084300000, 0x00000000d5580000)
  object space 68608K, 28% used [0x0000000080000000,0x00000000812e52f8,0x0000000084300000)
 Metaspace       used 33259K, committed 34240K, reserved 1114112K
  class space    used 3378K, committed 3776K, reserved 1048576K
GC Heap History (20 events):
Event: 85.361 GC heap before
{Heap before GC invocations=5 (full 0):
 PSYoungGen      total 29696K, used 29681K [0x00000000d5580000, 0x00000000d7680000, 0x0000000100000000)
  eden space 25600K, 100% used [0x00000000d5580000,0x00000000d6e80000,0x00000000d6e80000)
  from space 4096K, 99% used [0x00000000d7280000,0x00000000d767c6a0,0x00000000d7680000)
  to   space 4096K, 0% used [0x00000000d6e80000,0x00000000d6e80000,0x00000000d7280000)
 ParOldGen       total 68608K, used 7658K [0x0000000080000000, 0x0000000084300000, 0x00000000d5580000)
  object space 68608K, 11% used [0x0000000080000000,0x000000008077a9e8,0x0000000084300000)
 Metaspace       used 15146K, committed 15680K, reserved 1114112K
  class space    used 1535K, committed 1792K, reserved 1048576K
}
Event: 85.371 GC heap after
{Heap after GC invocations=5 (full 0):
 PSYoungGen      total 29184K, used 4095K [0x00000000d5580000, 0x00000000d7a00000, 0x0000000100000000)
  eden space 25088K, 0% used [0x00000000d5580000,0x00000000d5580000,0x00000000d6e00000)
  from space 4096K, 99% used [0x00000000d6e80000,0x00000000d727fd50,0x00000000d7280000)
  to   space 6144K, 0% used [0x00000000d7400000,0x00000000d7400000,0x00000000d7a00000)
 ParOldGen       total 68608K, used 9013K [0x0000000080000000, 0x0000000084300000, 0x00000000d5580000)
  object space 68608K, 13% used [0x0000000080000000,0x00000000808cd4a8,0x0000000084300000)
 Metaspace       used 15146K, committed 15680K, reserved 1114112K
  class space    used 1535K, committed 1792K, reserved 1048576K
}
Event: 90.919 GC heap before
{Heap before GC invocations=6 (full 0):
 PSYoungGen      total 29184K, used 29183K [0x00000000d5580000, 0x00000000d7a00000, 0x0000000100000000)
  eden space 25088K, 100% used [0x00000000d5580000,0x00000000d6e00000,0x00000000d6e00000)
  from space 4096K, 99% used [0x00000000d6e80000,0x00000000d727fd50,0x00000000d7280000)
  to   space 6144K, 0% used [0x00000000d7400000,0x00000000d7400000,0x00000000d7a00000)
 ParOldGen       total 68608K, used 9013K [0x0000000080000000, 0x0000000084300000, 0x00000000d5580000)
  object space 68608K, 13% used [0x0000000080000000,0x00000000808cd4a8,0x0000000084300000)
 Metaspace       used 18087K, committed 18816K, reserved 1114112K
  class space    used 1872K, committed 2240K, reserved 1048576K
}
Event: 90.928 GC heap after
{Heap after GC invocations=6 (full 0):
 PSYoungGen      total 28160K, used 6135K [0x00000000d5580000, 0x00000000d7f80000, 0x0000000100000000)
  eden space 22016K, 0% used [0x00000000d5580000,0x00000000d5580000,0x00000000d6b00000)
  from space 6144K, 99% used [0x00000000d7400000,0x00000000d79fdde0,0x00000000d7a00000)
  to   space 9216K, 0% used [0x00000000d6b00000,0x00000000d6b00000,0x00000000d7400000)
 ParOldGen       total 68608K, used 11193K [0x0000000080000000, 0x0000000084300000, 0x00000000d5580000)
  object space 68608K, 16% used [0x0000000080000000,0x0000000080aee608,0x0000000084300000)
 Metaspace       used 18087K, committed 18816K, reserved 1114112K
  class space    used 1872K, committed 2240K, reserved 1048576K
}
Event: 92.531 GC heap before
{Heap before GC invocations=7 (full 0):
 PSYoungGen      total 28160K, used 28151K [0x00000000d5580000, 0x00000000d7f80000, 0x0000000100000000)
  eden space 22016K, 100% used [0x00000000d5580000,0x00000000d6b00000,0x00000000d6b00000)
  from space 6144K, 99% used [0x00000000d7400000,0x00000000d79fdde0,0x00000000d7a00000)
  to   space 9216K, 0% used [0x00000000d6b00000,0x00000000d6b00000,0x00000000d7400000)
 ParOldGen       total 68608K, used 11193K [0x0000000080000000, 0x0000000084300000, 0x00000000d5580000)
  object space 68608K, 16% used [0x0000000080000000,0x0000000080aee608,0x0000000084300000)
 Metaspace       used 20014K, committed 20864K, reserved 1114112K
  class space    used 2071K, committed 2432K, reserved 1048576K
}
Event: 92.540 GC heap after
{Heap after GC invocations=7 (full 0):
 PSYoungGen      total 27136K, used 4749K [0x00000000d5580000, 0x00000000d7700000, 0x0000000100000000)
  eden space 22016K, 0% used [0x00000000d5580000,0x00000000d5580000,0x00000000d6b00000)
  from space 5120K, 92% used [0x00000000d6b00000,0x00000000d6fa36b8,0x00000000d7000000)
  to   space 6144K, 0% used [0x00000000d7100000,0x00000000d7100000,0x00000000d7700000)
 ParOldGen       total 68608K, used 12632K [0x0000000080000000, 0x0000000084300000, 0x00000000d5580000)
  object space 68608K, 18% used [0x0000000080000000,0x0000000080c56168,0x0000000084300000)
 Metaspace       used 20014K, committed 20864K, reserved 1114112K
  class space    used 2071K, committed 2432K, reserved 1048576K
}
Event: 92.769 GC heap before
{Heap before GC invocations=8 (full 0):
 PSYoungGen      total 27136K, used 9977K [0x00000000d5580000, 0x00000000d7700000, 0x0000000100000000)
  eden space 22016K, 23% used [0x00000000d5580000,0x00000000d5a9aef8,0x00000000d6b00000)
  from space 5120K, 92% used [0x00000000d6b00000,0x00000000d6fa36b8,0x00000000d7000000)
  to   space 6144K, 0% used [0x00000000d7100000,0x00000000d7100000,0x00000000d7700000)
 ParOldGen       total 68608K, used 12632K [0x0000000080000000, 0x0000000084300000, 0x00000000d5580000)
  object space 68608K, 18% used [0x0000000080000000,0x0000000080c56168,0x0000000084300000)
 Metaspace       used 20577K, committed 21504K, reserved 1114112K
  class space    used 2142K, committed 2560K, reserved 1048576K
}
Event: 92.774 GC heap after
{Heap after GC invocations=8 (full 0):
 PSYoungGen      total 27136K, used 4776K [0x00000000d5580000, 0x00000000d7600000, 0x0000000100000000)
  eden space 22016K, 0% used [0x00000000d5580000,0x00000000d5580000,0x00000000d6b00000)
  from space 5120K, 93% used [0x00000000d7100000,0x00000000d75aa130,0x00000000d7600000)
  to   space 5120K, 0% used [0x00000000d6b00000,0x00000000d6b00000,0x00000000d7000000)
 ParOldGen       total 68608K, used 13134K [0x0000000080000000, 0x0000000084300000, 0x00000000d5580000)
  object space 68608K, 19% used [0x0000000080000000,0x0000000080cd3a00,0x0000000084300000)
 Metaspace       used 20577K, committed 21504K, reserved 1114112K
  class space    used 2142K, committed 2560K, reserved 1048576K
}
Event: 92.774 GC heap before
{Heap before GC invocations=9 (full 1):
 PSYoungGen      total 27136K, used 4776K [0x00000000d5580000, 0x00000000d7600000, 0x0000000100000000)
  eden space 22016K, 0% used [0x00000000d5580000,0x00000000d5580000,0x00000000d6b00000)
  from space 5120K, 93% used [0x00000000d7100000,0x00000000d75aa130,0x00000000d7600000)
  to   space 5120K, 0% used [0x00000000d6b00000,0x00000000d6b00000,0x00000000d7000000)
 ParOldGen       total 68608K, used 13134K [0x0000000080000000, 0x0000000084300000, 0x00000000d5580000)
  object space 68608K, 19% used [0x0000000080000000,0x0000000080cd3a00,0x0000000084300000)
 Metaspace       used 20577K, committed 21504K, reserved 1114112K
  class space    used 2142K, committed 2560K, reserved 1048576K
}
Event: 92.866 GC heap after
{Heap after GC invocations=9 (full 1):
 PSYoungGen      total 27136K, used 0K [0x00000000d5580000, 0x00000000d7600000, 0x0000000100000000)
  eden space 22016K, 0% used [0x00000000d5580000,0x00000000d5580000,0x00000000d6b00000)
  from space 5120K, 0% used [0x00000000d7100000,0x00000000d7100000,0x00000000d7600000)
  to   space 5120K, 0% used [0x00000000d6b00000,0x00000000d6b00000,0x00000000d7000000)
 ParOldGen       total 68608K, used 16078K [0x0000000080000000, 0x0000000084300000, 0x00000000d5580000)
  object space 68608K, 23% used [0x0000000080000000,0x0000000080fb3800,0x0000000084300000)
 Metaspace       used 20564K, committed 21504K, reserved 1114112K
  class space    used 2138K, committed 2560K, reserved 1048576K
}
Event: 93.743 GC heap before
{Heap before GC invocations=10 (full 1):
 PSYoungGen      total 27136K, used 22016K [0x00000000d5580000, 0x00000000d7600000, 0x0000000100000000)
  eden space 22016K, 100% used [0x00000000d5580000,0x00000000d6b00000,0x00000000d6b00000)
  from space 5120K, 0% used [0x00000000d7100000,0x00000000d7100000,0x00000000d7600000)
  to   space 5120K, 0% used [0x00000000d6b00000,0x00000000d6b00000,0x00000000d7000000)
 ParOldGen       total 68608K, used 16078K [0x0000000080000000, 0x0000000084300000, 0x00000000d5580000)
  object space 68608K, 23% used [0x0000000080000000,0x0000000080fb3800,0x0000000084300000)
 Metaspace       used 22499K, committed 23296K, reserved 1114112K
  class space    used 2308K, committed 2624K, reserved 1048576K
}
Event: 93.746 GC heap after
{Heap after GC invocations=10 (full 1):
 PSYoungGen      total 25088K, used 2919K [0x00000000d5580000, 0x00000000d7300000, 0x0000000100000000)
  eden space 22016K, 0% used [0x00000000d5580000,0x00000000d5580000,0x00000000d6b00000)
  from space 3072K, 95% used [0x00000000d6b00000,0x00000000d6dd9e20,0x00000000d6e00000)
  to   space 4096K, 0% used [0x00000000d6f00000,0x00000000d6f00000,0x00000000d7300000)
 ParOldGen       total 68608K, used 16086K [0x0000000080000000, 0x0000000084300000, 0x00000000d5580000)
  object space 68608K, 23% used [0x0000000080000000,0x0000000080fb5800,0x0000000084300000)
 Metaspace       used 22499K, committed 23296K, reserved 1114112K
  class space    used 2308K, committed 2624K, reserved 1048576K
}
Event: 94.835 GC heap before
{Heap before GC invocations=11 (full 1):
 PSYoungGen      total 25088K, used 24935K [0x00000000d5580000, 0x00000000d7300000, 0x0000000100000000)
  eden space 22016K, 100% used [0x00000000d5580000,0x00000000d6b00000,0x00000000d6b00000)
  from space 3072K, 95% used [0x00000000d6b00000,0x00000000d6dd9e20,0x00000000d6e00000)
  to   space 4096K, 0% used [0x00000000d6f00000,0x00000000d6f00000,0x00000000d7300000)
 ParOldGen       total 68608K, used 16086K [0x0000000080000000, 0x0000000084300000, 0x00000000d5580000)
  object space 68608K, 23% used [0x0000000080000000,0x0000000080fb5800,0x0000000084300000)
 Metaspace       used 25956K, committed 26944K, reserved 1114112K
  class space    used 2603K, committed 3008K, reserved 1048576K
}
Event: 94.837 GC heap after
{Heap after GC invocations=11 (full 1):
 PSYoungGen      total 23552K, used 1493K [0x00000000d5580000, 0x00000000d7080000, 0x0000000100000000)
  eden space 22016K, 0% used [0x00000000d5580000,0x00000000d5580000,0x00000000d6b00000)
  from space 1536K, 97% used [0x00000000d6f00000,0x00000000d70756a0,0x00000000d7080000)
  to   space 2560K, 0% used [0x00000000d6b80000,0x00000000d6b80000,0x00000000d6e00000)
 ParOldGen       total 68608K, used 16094K [0x0000000080000000, 0x0000000084300000, 0x00000000d5580000)
  object space 68608K, 23% used [0x0000000080000000,0x0000000080fb7800,0x0000000084300000)
 Metaspace       used 25956K, committed 26944K, reserved 1114112K
  class space    used 2603K, committed 3008K, reserved 1048576K
}
Event: 96.067 GC heap before
{Heap before GC invocations=12 (full 1):
 PSYoungGen      total 23552K, used 23509K [0x00000000d5580000, 0x00000000d7080000, 0x0000000100000000)
  eden space 22016K, 100% used [0x00000000d5580000,0x00000000d6b00000,0x00000000d6b00000)
  from space 1536K, 97% used [0x00000000d6f00000,0x00000000d70756a0,0x00000000d7080000)
  to   space 2560K, 0% used [0x00000000d6b80000,0x00000000d6b80000,0x00000000d6e00000)
 ParOldGen       total 68608K, used 16094K [0x0000000080000000, 0x0000000084300000, 0x00000000d5580000)
  object space 68608K, 23% used [0x0000000080000000,0x0000000080fb7800,0x0000000084300000)
 Metaspace       used 28737K, committed 29760K, reserved 1114112K
  class space    used 2881K, committed 3328K, reserved 1048576K
}
Event: 96.070 GC heap after
{Heap after GC invocations=12 (full 1):
 PSYoungGen      total 24576K, used 2156K [0x00000000d5580000, 0x00000000d7000000, 0x0000000100000000)
  eden space 22016K, 0% used [0x00000000d5580000,0x00000000d5580000,0x00000000d6b00000)
  from space 2560K, 84% used [0x00000000d6b80000,0x00000000d6d9b3b0,0x00000000d6e00000)
  to   space 2048K, 0% used [0x00000000d6e00000,0x00000000d6e00000,0x00000000d7000000)
 ParOldGen       total 68608K, used 17118K [0x0000000080000000, 0x0000000084300000, 0x00000000d5580000)
  object space 68608K, 24% used [0x0000000080000000,0x00000000810b7800,0x0000000084300000)
 Metaspace       used 28737K, committed 29760K, reserved 1114112K
  class space    used 2881K, committed 3328K, reserved 1048576K
}
Event: 96.964 GC heap before
{Heap before GC invocations=13 (full 1):
 PSYoungGen      total 24576K, used 24172K [0x00000000d5580000, 0x00000000d7000000, 0x0000000100000000)
  eden space 22016K, 100% used [0x00000000d5580000,0x00000000d6b00000,0x00000000d6b00000)
  from space 2560K, 84% used [0x00000000d6b80000,0x00000000d6d9b3b0,0x00000000d6e00000)
  to   space 2048K, 0% used [0x00000000d6e00000,0x00000000d6e00000,0x00000000d7000000)
 ParOldGen       total 68608K, used 17118K [0x0000000080000000, 0x0000000084300000, 0x00000000d5580000)
  object space 68608K, 24% used [0x0000000080000000,0x00000000810b7800,0x0000000084300000)
 Metaspace       used 30015K, committed 30976K, reserved 1114112K
  class space    used 3033K, committed 3456K, reserved 1048576K
}
Event: 96.967 GC heap after
{Heap after GC invocations=13 (full 1):
 PSYoungGen      total 23040K, used 648K [0x00000000d5580000, 0x00000000d6f00000, 0x0000000100000000)
  eden space 22016K, 0% used [0x00000000d5580000,0x00000000d5580000,0x00000000d6b00000)
  from space 1024K, 63% used [0x00000000d6e00000,0x00000000d6ea2390,0x00000000d6f00000)
  to   space 1536K, 0% used [0x00000000d6c00000,0x00000000d6c00000,0x00000000d6d80000)
 ParOldGen       total 68608K, used 19004K [0x0000000080000000, 0x0000000084300000, 0x00000000d5580000)
  object space 68608K, 27% used [0x0000000080000000,0x000000008128f2b8,0x0000000084300000)
 Metaspace       used 30015K, committed 30976K, reserved 1114112K
  class space    used 3033K, committed 3456K, reserved 1048576K
}
Event: 99.901 GC heap before
{Heap before GC invocations=14 (full 1):
 PSYoungGen      total 23040K, used 22664K [0x00000000d5580000, 0x00000000d6f00000, 0x0000000100000000)
  eden space 22016K, 100% used [0x00000000d5580000,0x00000000d6b00000,0x00000000d6b00000)
  from space 1024K, 63% used [0x00000000d6e00000,0x00000000d6ea2390,0x00000000d6f00000)
  to   space 1536K, 0% used [0x00000000d6c00000,0x00000000d6c00000,0x00000000d6d80000)
 ParOldGen       total 68608K, used 19004K [0x0000000080000000, 0x0000000084300000, 0x00000000d5580000)
  object space 68608K, 27% used [0x0000000080000000,0x000000008128f2b8,0x0000000084300000)
 Metaspace       used 31762K, committed 32768K, reserved 1114112K
  class space    used 3229K, committed 3648K, reserved 1048576K
}
Event: 99.903 GC heap after
{Heap after GC invocations=14 (full 1):
 PSYoungGen      total 23552K, used 1211K [0x00000000d5580000, 0x00000000d6e80000, 0x0000000100000000)
  eden space 22016K, 0% used [0x00000000d5580000,0x00000000d5580000,0x00000000d6b00000)
  from space 1536K, 78% used [0x00000000d6c00000,0x00000000d6d2eeb0,0x00000000d6d80000)
  to   space 1024K, 0% used [0x00000000d6d80000,0x00000000d6d80000,0x00000000d6e80000)
 ParOldGen       total 68608K, used 19348K [0x0000000080000000, 0x0000000084300000, 0x00000000d5580000)
  object space 68608K, 28% used [0x0000000080000000,0x00000000812e52f8,0x0000000084300000)
 Metaspace       used 31762K, committed 32768K, reserved 1114112K
  class space    used 3229K, committed 3648K, reserved 1048576K
}

