# JRE version: OpenJDK Runtime Environment Temurin-21.0.9+10 (21.0.9+10) (build 21.0.9+10-LTS)
# Java VM: OpenJDK 64-Bit Server VM Temurin-21.0.9+10 (21.0.9+10-LTS, mixed mode, sharing, tiered, compressed oops, compressed class ptrs, parallel gc, windows-amd64)
GC Precious Log:
 CardTable entry size: 512
 CPUs: 12 total, 12 available
 Memory: 7896M
 Large Page Support: Disabled
 NUMA Support: Disabled
 Compressed Oops: Enabled (32-bit)
 Alignments: Space 512K, Generation 512K, Heap 2M
 Heap Min Capacity: 100M
 Heap Initial Capacity: 100M
 Heap Max Capacity: 2G
 Pre-touch: Disabled
 Parallel Workers: 10
Heap:
 PSYoungGen      total 21504K, used 11084K [0x00000000d5580000, 0x00000000d7080000, 0x0000000100000000)
  eden space 17408K, 63% used [0x00000000d5580000,0x00000000d60533a8,0x00000000d6680000)
  from space 4096K, 0% used [0x00000000d6680000,0x00000000d6680000,0x00000000d6a80000)
  to   space 3584K, 0% used [0x00000000d6d00000,0x00000000d6d00000,0x00000000d7080000)
 ParOldGen       total 68608K, used 44266K [0x0000000080000000, 0x0000000084300000, 0x00000000d5580000)
  object space 68608K, 64% used [0x0000000080000000,0x0000000082b3a8d0,0x0000000084300000)
 Metaspace       used 59213K, committed 60480K, reserved 1114112K
  class space    used 6334K, committed 6848K, reserved 1048576K
GC Heap History (20 events):
Event: 110.263 GC heap before
{Heap before GC invocations=27 (full 2):
 PSYoungGen      total 23040K, used 23040K [0x00000000d5580000, 0x00000000d7500000, 0x0000000100000000)
  eden space 20992K, 100% used [0x00000000d5580000,0x00000000d6a00000,0x00000000d6a00000)
  from space 2048K, 100% used [0x00000000d6f00000,0x00000000d7100000,0x00000000d7100000)
  to   space 5120K, 0% used [0x00000000d6a00000,0x00000000d6a00000,0x00000000d6f00000)
 ParOldGen       total 68608K, used 35276K [0x0000000080000000, 0x0000000084300000, 0x00000000d5580000)
  object space 68608K, 51% used [0x0000000080000000,0x0000000082273090,0x0000000084300000)
 Metaspace       used 47637K, committed 48768K, reserved 1114112K
  class space    used 5154K, committed 5632K, reserved 1048576K
}
Event: 110.275 GC heap after
{Heap after GC invocations=27 (full 2):
 PSYoungGen      total 23552K, used 2368K [0x00000000d5580000, 0x00000000d7100000, 0x0000000100000000)
  eden space 20992K, 0% used [0x00000000d5580000,0x00000000d5580000,0x00000000d6a00000)
  from space 2560K, 92% used [0x00000000d6a00000,0x00000000d6c50010,0x00000000d6c80000)
  to   space 3584K, 0% used [0x00000000d6d80000,0x00000000d6d80000,0x00000000d7100000)
 ParOldGen       total 68608K, used 37324K [0x0000000080000000, 0x0000000084300000, 0x00000000d5580000)
  object space 68608K, 54% used [0x0000000080000000,0x0000000082473090,0x0000000084300000)
 Metaspace       used 47637K, committed 48768K, reserved 1114112K
  class space    used 5154K, committed 5632K, reserved 1048576K
}
Event: 110.976 GC heap before
{Heap before GC invocations=28 (full 2):
 PSYoungGen      total 23552K, used 23360K [0x00000000d5580000, 0x00000000d7100000, 0x0000000100000000)
  eden space 20992K, 100% used [0x00000000d5580000,0x00000000d6a00000,0x00000000d6a00000)
  from space 2560K, 92% used [0x00000000d6a00000,0x00000000d6c50010,0x00000000d6c80000)
  to   space 3584K, 0% used [0x00000000d6d80000,0x00000000d6d80000,0x00000000d7100000)
 ParOldGen       total 68608K, used 37324K [0x0000000080000000, 0x0000000084300000, 0x00000000d5580000)
  object space 68608K, 54% used [0x0000000080000000,0x0000000082473090,0x0000000084300000)
 Metaspace       used 49266K, committed 50368K, reserved 1114112K
  class space    used 5316K, committed 5824K, reserved 1048576K
}
Event: 110.988 GC heap after
{Heap after GC invocations=28 (full 2):
 PSYoungGen      total 24576K, used 3368K [0x00000000d5580000, 0x00000000d7100000, 0x0000000100000000)
  eden space 20992K, 0% used [0x00000000d5580000,0x00000000d5580000,0x00000000d6a00000)
  from space 3584K, 93% used [0x00000000d6d80000,0x00000000d70ca000,0x00000000d7100000)
  to   space 3584K, 0% used [0x00000000d6a00000,0x00000000d6a00000,0x00000000d6d80000)
 ParOldGen       total 68608K, used 39580K [0x0000000080000000, 0x0000000084300000, 0x00000000d5580000)
  object space 68608K, 57% used [0x0000000080000000,0x00000000826a72a0,0x0000000084300000)
 Metaspace       used 49266K, committed 50368K, reserved 1114112K
  class space    used 5316K, committed 5824K, reserved 1048576K
}
Event: 112.658 GC heap before
{Heap before GC invocations=29 (full 2):
 PSYoungGen      total 24576K, used 24360K [0x00000000d5580000, 0x00000000d7100000, 0x0000000100000000)
  eden space 20992K, 100% used [0x00000000d5580000,0x00000000d6a00000,0x00000000d6a00000)
  from space 3584K, 93% used [0x00000000d6d80000,0x00000000d70ca000,0x00000000d7100000)
  to   space 3584K, 0% used [0x00000000d6a00000,0x00000000d6a00000,0x00000000d6d80000)
 ParOldGen       total 68608K, used 39580K [0x0000000080000000, 0x0000000084300000, 0x00000000d5580000)
  object space 68608K, 57% used [0x0000000080000000,0x00000000826a72a0,0x0000000084300000)
 Metaspace       used 50572K, committed 51712K, reserved 1114112K
  class space    used 5473K, committed 5952K, reserved 1048576K
}
Event: 112.667 GC heap after
{Heap after GC invocations=29 (full 2):
 PSYoungGen      total 22016K, used 869K [0x00000000d5580000, 0x00000000d6e00000, 0x0000000100000000)
  eden space 20992K, 0% used [0x00000000d5580000,0x00000000d5580000,0x00000000d6a00000)
  from space 1024K, 84% used [0x00000000d6a00000,0x00000000d6ad9558,0x00000000d6b00000)
  to   space 2048K, 0% used [0x00000000d6c00000,0x00000000d6c00000,0x00000000d6e00000)
 ParOldGen       total 68608K, used 42839K [0x0000000080000000, 0x0000000084300000, 0x00000000d5580000)
  object space 68608K, 62% used [0x0000000080000000,0x00000000829d5c28,0x0000000084300000)
 Metaspace       used 50572K, committed 51712K, reserved 1114112K
  class space    used 5473K, committed 5952K, reserved 1048576K
}
Event: 113.446 GC heap before
{Heap before GC invocations=30 (full 2):
 PSYoungGen      total 22016K, used 21856K [0x00000000d5580000, 0x00000000d6e00000, 0x0000000100000000)
  eden space 20992K, 99% used [0x00000000d5580000,0x00000000d69fed30,0x00000000d6a00000)
  from space 1024K, 84% used [0x00000000d6a00000,0x00000000d6ad9558,0x00000000d6b00000)
  to   space 2048K, 0% used [0x00000000d6c00000,0x00000000d6c00000,0x00000000d6e00000)
 ParOldGen       total 68608K, used 42839K [0x0000000080000000, 0x0000000084300000, 0x00000000d5580000)
  object space 68608K, 62% used [0x0000000080000000,0x00000000829d5c28,0x0000000084300000)
 Metaspace       used 51720K, committed 52864K, reserved 1114112K
  class space    used 5584K, committed 6080K, reserved 1048576K
}
Event: 113.448 GC heap after
{Heap after GC invocations=30 (full 2):
 PSYoungGen      total 22528K, used 2039K [0x00000000d5580000, 0x00000000d6f00000, 0x0000000100000000)
  eden space 20480K, 0% used [0x00000000d5580000,0x00000000d5580000,0x00000000d6980000)
  from space 2048K, 99% used [0x00000000d6c00000,0x00000000d6dfdda8,0x00000000d6e00000)
  to   space 2560K, 0% used [0x00000000d6980000,0x00000000d6980000,0x00000000d6c00000)
 ParOldGen       total 68608K, used 43558K [0x0000000080000000, 0x0000000084300000, 0x00000000d5580000)
  object space 68608K, 63% used [0x0000000080000000,0x0000000082a89b68,0x0000000084300000)
 Metaspace       used 51720K, committed 52864K, reserved 1114112K
  class space    used 5584K, committed 6080K, reserved 1048576K
}
Event: 113.593 GC heap before
{Heap before GC invocations=31 (full 2):
 PSYoungGen      total 22528K, used 22519K [0x00000000d5580000, 0x00000000d6f00000, 0x0000000100000000)
  eden space 20480K, 100% used [0x00000000d5580000,0x00000000d6980000,0x00000000d6980000)
  from space 2048K, 99% used [0x00000000d6c00000,0x00000000d6dfdda8,0x00000000d6e00000)
  to   space 2560K, 0% used [0x00000000d6980000,0x00000000d6980000,0x00000000d6c00000)
 ParOldGen       total 68608K, used 43558K [0x0000000080000000, 0x0000000084300000, 0x00000000d5580000)
  object space 68608K, 63% used [0x0000000080000000,0x0000000082a89b68,0x0000000084300000)
 Metaspace       used 51745K, committed 52928K, reserved 1114112K
  class space    used 5584K, committed 6080K, reserved 1048576K
}
Event: 113.594 GC heap after
{Heap after GC invocations=31 (full 2):
 PSYoungGen      total 21504K, used 809K [0x00000000d5580000, 0x00000000d6c80000, 0x0000000100000000)
  eden space 20480K, 0% used [0x00000000d5580000,0x00000000d5580000,0x00000000d6980000)
  from space 1024K, 79% used [0x00000000d6980000,0x00000000d6a4a7b0,0x00000000d6a80000)
  to   space 1536K, 0% used [0x00000000d6b00000,0x00000000d6b00000,0x00000000d6c80000)
 ParOldGen       total 68608K, used 44379K [0x0000000080000000, 0x0000000084300000, 0x00000000d5580000)
  object space 68608K, 64% used [0x0000000080000000,0x0000000082b56dd0,0x0000000084300000)
 Metaspace       used 51745K, committed 52928K, reserved 1114112K
  class space    used 5584K, committed 6080K, reserved 1048576K
}
Event: 114.598 GC heap before
{Heap before GC invocations=32 (full 2):
 PSYoungGen      total 21504K, used 21289K [0x00000000d5580000, 0x00000000d6c80000, 0x0000000100000000)
  eden space 20480K, 99% used [0x00000000d5580000,0x00000000d697fc68,0x00000000d6980000)
  from space 1024K, 79% used [0x00000000d6980000,0x00000000d6a4a7b0,0x00000000d6a80000)
  to   space 1536K, 0% used [0x00000000d6b00000,0x00000000d6b00000,0x00000000d6c80000)
 ParOldGen       total 68608K, used 44379K [0x0000000080000000, 0x0000000084300000, 0x00000000d5580000)
  object space 68608K, 64% used [0x0000000080000000,0x0000000082b56dd0,0x0000000084300000)
 Metaspace       used 53768K, committed 54976K, reserved 1114112K
  class space    used 5746K, committed 6272K, reserved 1048576K
}
Event: 114.623 GC heap after
{Heap after GC invocations=32 (full 2):
 PSYoungGen      total 21504K, used 688K [0x00000000d5580000, 0x00000000d6c00000, 0x0000000100000000)
  eden space 20480K, 0% used [0x00000000d5580000,0x00000000d5580000,0x00000000d6980000)
  from space 1024K, 67% used [0x00000000d6b00000,0x00000000d6bac030,0x00000000d6c00000)
  to   space 1024K, 0% used [0x00000000d6980000,0x00000000d6980000,0x00000000d6a80000)
 ParOldGen       total 68608K, used 44403K [0x0000000080000000, 0x0000000084300000, 0x00000000d5580000)
  object space 68608K, 64% used [0x0000000080000000,0x0000000082b5cdd0,0x0000000084300000)
 Metaspace       used 53768K, committed 54976K, reserved 1114112K
  class space    used 5746K, committed 6272K, reserved 1048576K
}
Event: 116.255 GC heap before
{Heap before GC invocations=33 (full 2):
 PSYoungGen      total 21504K, used 21139K [0x00000000d5580000, 0x00000000d6c00000, 0x0000000100000000)
  eden space 20480K, 99% used [0x00000000d5580000,0x00000000d6978de8,0x00000000d6980000)
  from space 1024K, 67% used [0x00000000d6b00000,0x00000000d6bac030,0x00000000d6c00000)
  to   space 1024K, 0% used [0x00000000d6980000,0x00000000d6980000,0x00000000d6a80000)
 ParOldGen       total 68608K, used 44403K [0x0000000080000000, 0x0000000084300000, 0x00000000d5580000)
  object space 68608K, 64% used [0x0000000080000000,0x0000000082b5cdd0,0x0000000084300000)
 Metaspace       used 56208K, committed 57408K, reserved 1114112K
  class space    used 6042K, committed 6528K, reserved 1048576K
}
Event: 116.259 GC heap after
{Heap after GC invocations=33 (full 2):
 PSYoungGen      total 21504K, used 896K [0x00000000d5580000, 0x00000000d6b80000, 0x0000000100000000)
  eden space 20480K, 0% used [0x00000000d5580000,0x00000000d5580000,0x00000000d6980000)
  from space 1024K, 87% used [0x00000000d6980000,0x00000000d6a60010,0x00000000d6a80000)
  to   space 1024K, 0% used [0x00000000d6a80000,0x00000000d6a80000,0x00000000d6b80000)
 ParOldGen       total 68608K, used 44771K [0x0000000080000000, 0x0000000084300000, 0x00000000d5580000)
  object space 68608K, 65% used [0x0000000080000000,0x0000000082bb8fb8,0x0000000084300000)
 Metaspace       used 56208K, committed 57408K, reserved 1114112K
  class space    used 6042K, committed 6528K, reserved 1048576K
}
Event: 117.863 GC heap before
{Heap before GC invocations=34 (full 2):
 PSYoungGen      total 21504K, used 21376K [0x00000000d5580000, 0x00000000d6b80000, 0x0000000100000000)
  eden space 20480K, 100% used [0x00000000d5580000,0x00000000d6980000,0x00000000d6980000)
  from space 1024K, 87% used [0x00000000d6980000,0x00000000d6a60010,0x00000000d6a80000)
  to   space 1024K, 0% used [0x00000000d6a80000,0x00000000d6a80000,0x00000000d6b80000)
 ParOldGen       total 68608K, used 44771K [0x0000000080000000, 0x0000000084300000, 0x00000000d5580000)
  object space 68608K, 65% used [0x0000000080000000,0x0000000082bb8fb8,0x0000000084300000)
 Metaspace       used 58145K, committed 59392K, reserved 1114112K
  class space    used 6216K, committed 6784K, reserved 1048576K
}
Event: 117.870 GC heap after
{Heap after GC invocations=34 (full 2):
 PSYoungGen      total 18432K, used 1023K [0x00000000d5580000, 0x00000000d7180000, 0x0000000100000000)
  eden space 17408K, 0% used [0x00000000d5580000,0x00000000d5580000,0x00000000d6680000)
  from space 1024K, 99% used [0x00000000d6a80000,0x00000000d6b7fed8,0x00000000d6b80000)
  to   space 4096K, 0% used [0x00000000d6680000,0x00000000d6680000,0x00000000d6a80000)
 ParOldGen       total 68608K, used 47247K [0x0000000080000000, 0x0000000084300000, 0x00000000d5580000)
  object space 68608K, 68% used [0x0000000080000000,0x0000000082e23e50,0x0000000084300000)
 Metaspace       used 58145K, committed 59392K, reserved 1114112K
  class space    used 6216K, committed 6784K, reserved 1048576K
}
Event: 118.261 GC heap before
{Heap before GC invocations=35 (full 2):
 PSYoungGen      total 18432K, used 7226K [0x00000000d5580000, 0x00000000d7180000, 0x0000000100000000)
  eden space 17408K, 35% used [0x00000000d5580000,0x00000000d5b8ec20,0x00000000d6680000)
  from space 1024K, 99% used [0x00000000d6a80000,0x00000000d6b7fed8,0x00000000d6b80000)
  to   space 4096K, 0% used [0x00000000d6680000,0x00000000d6680000,0x00000000d6a80000)
 ParOldGen       total 68608K, used 47247K [0x0000000080000000, 0x0000000084300000, 0x00000000d5580000)
  object space 68608K, 68% used [0x0000000080000000,0x0000000082e23e50,0x0000000084300000)
 Metaspace       used 58550K, committed 59776K, reserved 1114112K
  class space    used 6259K, committed 6784K, reserved 1048576K
}
Event: 118.269 GC heap after
{Heap after GC invocations=35 (full 2):
 PSYoungGen      total 21504K, used 2912K [0x00000000d5580000, 0x00000000d7080000, 0x0000000100000000)
  eden space 17408K, 0% used [0x00000000d5580000,0x00000000d5580000,0x00000000d6680000)
  from space 4096K, 71% used [0x00000000d6680000,0x00000000d6958020,0x00000000d6a80000)
  to   space 3584K, 0% used [0x00000000d6d00000,0x00000000d6d00000,0x00000000d7080000)
 ParOldGen       total 68608K, used 48292K [0x0000000080000000, 0x0000000084300000, 0x00000000d5580000)
  object space 68608K, 70% used [0x0000000080000000,0x0000000082f291c0,0x0000000084300000)
 Metaspace       used 58550K, committed 59776K, reserved 1114112K
  class space    used 6259K, committed 6784K, reserved 1048576K
}
Event: 118.269 GC heap before
{Heap before GC invocations=36 (full 3):
 PSYoungGen      total 21504K, used 2912K [0x00000000d5580000, 0x00000000d7080000, 0x0000000100000000)
  eden space 17408K, 0% used [0x00000000d5580000,0x00000000d5580000,0x00000000d6680000)
  from space 4096K, 71% used [0x00000000d6680000,0x00000000d6958020,0x00000000d6a80000)
  to   space 3584K, 0% used [0x00000000d6d00000,0x00000000d6d00000,0x00000000d7080000)
 ParOldGen       total 68608K, used 48292K [0x0000000080000000, 0x0000000084300000, 0x00000000d5580000)
  object space 68608K, 70% used [0x0000000080000000,0x0000000082f291c0,0x0000000084300000)
 Metaspace       used 58550K, committed 59776K, reserved 1114112K
  class space    used 6259K, committed 6784K, reserved 1048576K
}
Event: 118.472 GC heap after
{Heap after GC invocations=36 (full 3):
 PSYoungGen      total 21504K, used 0K [0x00000000d5580000, 0x00000000d7080000, 0x0000000100000000)
  eden space 17408K, 0% used [0x00000000d5580000,0x00000000d5580000,0x00000000d6680000)
  from space 4096K, 0% used [0x00000000d6680000,0x00000000d6680000,0x00000000d6a80000)
  to   space 3584K, 0% used [0x00000000d6d00000,0x00000000d6d00000,0x00000000d7080000)
 ParOldGen       total 68608K, used 44266K [0x0000000080000000, 0x0000000084300000, 0x00000000d5580000)
  object space 68608K, 64% used [0x0000000080000000,0x0000000082b3a8d0,0x0000000084300000)
 Metaspace       used 58550K, committed 59776K, reserved 1114112K
  class space    used 6259K, committed 6784K, reserved 1048576K
}

