# JRE version: OpenJDK Runtime Environment Temurin-21.0.8+9 (21.0.8+9) (build 21.0.8+9-LTS)
# Java VM: OpenJDK 64-Bit Server VM Temurin-21.0.8+9 (21.0.8+9-LTS, mixed mode, sharing, tiered, compressed oops, compressed class ptrs, parallel gc, windows-amd64)
GC Precious Log:
 CardTable entry size: 512
 CPUs: 12 total, 12 available
 Memory: 7896M
 Large Page Support: Disabled
 NUMA Support: Disabled
 Compressed Oops: Enabled (32-bit)
 Alignments: Space 512K, Generation 512K, Heap 2M
 Heap Min Capacity: 100M
 Heap Initial Capacity: 100M
 Heap Max Capacity: 2G
 Pre-touch: Disabled
 Parallel Workers: 10
Heap:
 PSYoungGen      total 5120K, used 2032K [0x00000000d5580000, 0x00000000d5c80000, 0x0000000100000000)
  eden space 3072K, 0% used [0x00000000d5580000,0x00000000d5580000,0x00000000d5880000)
  from space 2048K, 99% used [0x00000000d5880000,0x00000000d5a7c018,0x00000000d5a80000)
  to   space 2048K, 0% used [0x00000000d5a80000,0x00000000d5a80000,0x00000000d5c80000)
 ParOldGen       total 253440K, used 253100K [0x0000000080000000, 0x000000008f780000, 0x00000000d5580000)
  object space 253440K, 99% used [0x0000000080000000,0x000000008f72b0f8,0x000000008f780000)
 Metaspace       used 52213K, committed 53376K, reserved 1114112K
  class space    used 5692K, committed 6144K, reserved 1048576K
GC Heap History (20 events):
Event: 41.187 GC heap after
{Heap after GC invocations=135 (full 2):
 PSYoungGen      total 3072K, used 576K [0x00000000d5580000, 0x00000000d5b00000, 0x0000000100000000)
  eden space 2048K, 0% used [0x00000000d5580000,0x00000000d5580000,0x00000000d5780000)
  from space 1024K, 56% used [0x00000000d5780000,0x00000000d5810000,0x00000000d5880000)
  to   space 1536K, 0% used [0x00000000d5980000,0x00000000d5980000,0x00000000d5b00000)
 ParOldGen       total 245760K, used 245436K [0x0000000080000000, 0x000000008f000000, 0x00000000d5580000)
  object space 245760K, 99% used [0x0000000080000000,0x000000008efaf1f0,0x000000008f000000)
 Metaspace       used 52159K, committed 53376K, reserved 1114112K
  class space    used 5685K, committed 6144K, reserved 1048576K
}
Event: 41.195 GC heap before
{Heap before GC invocations=136 (full 2):
 PSYoungGen      total 3072K, used 2623K [0x00000000d5580000, 0x00000000d5b00000, 0x0000000100000000)
  eden space 2048K, 99% used [0x00000000d5580000,0x00000000d577ffd0,0x00000000d5780000)
  from space 1024K, 56% used [0x00000000d5780000,0x00000000d5810000,0x00000000d5880000)
  to   space 1536K, 0% used [0x00000000d5980000,0x00000000d5980000,0x00000000d5b00000)
 ParOldGen       total 245760K, used 245436K [0x0000000080000000, 0x000000008f000000, 0x00000000d5580000)
  object space 245760K, 99% used [0x0000000080000000,0x000000008efaf1f0,0x000000008f000000)
 Metaspace       used 52172K, committed 53376K, reserved 1114112K
  class space    used 5686K, committed 6144K, reserved 1048576K
}
Event: 41.197 GC heap after
{Heap after GC invocations=136 (full 2):
 PSYoungGen      total 3584K, used 551K [0x00000000d5580000, 0x00000000d5a80000, 0x0000000100000000)
  eden space 2560K, 0% used [0x00000000d5580000,0x00000000d5580000,0x00000000d5800000)
  from space 1024K, 53% used [0x00000000d5980000,0x00000000d5a09cd0,0x00000000d5a80000)
  to   space 1024K, 0% used [0x00000000d5880000,0x00000000d5880000,0x00000000d5980000)
 ParOldGen       total 246272K, used 245870K [0x0000000080000000, 0x000000008f080000, 0x00000000d5580000)
  object space 246272K, 99% used [0x0000000080000000,0x000000008f01b9d0,0x000000008f080000)
 Metaspace       used 52172K, committed 53376K, reserved 1114112K
  class space    used 5686K, committed 6144K, reserved 1048576K
}
Event: 41.208 GC heap before
{Heap before GC invocations=137 (full 2):
 PSYoungGen      total 3584K, used 3111K [0x00000000d5580000, 0x00000000d5a80000, 0x0000000100000000)
  eden space 2560K, 100% used [0x00000000d5580000,0x00000000d5800000,0x00000000d5800000)
  from space 1024K, 53% used [0x00000000d5980000,0x00000000d5a09cd0,0x00000000d5a80000)
  to   space 1024K, 0% used [0x00000000d5880000,0x00000000d5880000,0x00000000d5980000)
 ParOldGen       total 246272K, used 245870K [0x0000000080000000, 0x000000008f080000, 0x00000000d5580000)
  object space 246272K, 99% used [0x0000000080000000,0x000000008f01ba00,0x000000008f080000)
 Metaspace       used 52172K, committed 53376K, reserved 1114112K
  class space    used 5686K, committed 6144K, reserved 1048576K
}
Event: 41.210 GC heap after
{Heap after GC invocations=137 (full 2):
 PSYoungGen      total 3584K, used 678K [0x00000000d5580000, 0x00000000d5a00000, 0x0000000100000000)
  eden space 2560K, 0% used [0x00000000d5580000,0x00000000d5580000,0x00000000d5800000)
  from space 1024K, 66% used [0x00000000d5880000,0x00000000d5929bb0,0x00000000d5980000)
  to   space 512K, 0% used [0x00000000d5980000,0x00000000d5980000,0x00000000d5a00000)
 ParOldGen       total 246784K, used 246280K [0x0000000080000000, 0x000000008f100000, 0x00000000d5580000)
  object space 246784K, 99% used [0x0000000080000000,0x000000008f082060,0x000000008f100000)
 Metaspace       used 52172K, committed 53376K, reserved 1114112K
  class space    used 5686K, committed 6144K, reserved 1048576K
}
Event: 41.221 GC heap before
{Heap before GC invocations=138 (full 2):
 PSYoungGen      total 3584K, used 3238K [0x00000000d5580000, 0x00000000d5a00000, 0x0000000100000000)
  eden space 2560K, 100% used [0x00000000d5580000,0x00000000d5800000,0x00000000d5800000)
  from space 1024K, 66% used [0x00000000d5880000,0x00000000d5929bb0,0x00000000d5980000)
  to   space 512K, 0% used [0x00000000d5980000,0x00000000d5980000,0x00000000d5a00000)
 ParOldGen       total 246784K, used 246283K [0x0000000080000000, 0x000000008f100000, 0x00000000d5580000)
  object space 246784K, 99% used [0x0000000080000000,0x000000008f082e00,0x000000008f100000)
 Metaspace       used 52172K, committed 53376K, reserved 1114112K
  class space    used 5686K, committed 6144K, reserved 1048576K
}
Event: 41.223 GC heap after
{Heap after GC invocations=138 (full 2):
 PSYoungGen      total 3072K, used 512K [0x00000000d5580000, 0x00000000d5b80000, 0x0000000100000000)
  eden space 2560K, 0% used [0x00000000d5580000,0x00000000d5580000,0x00000000d5800000)
  from space 512K, 100% used [0x00000000d5980000,0x00000000d5a00000,0x00000000d5a00000)
  to   space 1536K, 0% used [0x00000000d5800000,0x00000000d5800000,0x00000000d5980000)
 ParOldGen       total 247296K, used 246923K [0x0000000080000000, 0x000000008f180000, 0x00000000d5580000)
  object space 247296K, 99% used [0x0000000080000000,0x000000008f122cb8,0x000000008f180000)
 Metaspace       used 52172K, committed 53376K, reserved 1114112K
  class space    used 5686K, committed 6144K, reserved 1048576K
}
Event: 41.237 GC heap before
{Heap before GC invocations=139 (full 2):
 PSYoungGen      total 3072K, used 3072K [0x00000000d5580000, 0x00000000d5b80000, 0x0000000100000000)
  eden space 2560K, 100% used [0x00000000d5580000,0x00000000d5800000,0x00000000d5800000)
  from space 512K, 100% used [0x00000000d5980000,0x00000000d5a00000,0x00000000d5a00000)
  to   space 1536K, 0% used [0x00000000d5800000,0x00000000d5800000,0x00000000d5980000)
 ParOldGen       total 247296K, used 246923K [0x0000000080000000, 0x000000008f180000, 0x00000000d5580000)
  object space 247296K, 99% used [0x0000000080000000,0x000000008f122cb8,0x000000008f180000)
 Metaspace       used 52172K, committed 53376K, reserved 1114112K
  class space    used 5686K, committed 6144K, reserved 1048576K
}
Event: 41.239 GC heap after
{Heap after GC invocations=139 (full 2):
 PSYoungGen      total 3584K, used 656K [0x00000000d5580000, 0x00000000d5a00000, 0x0000000100000000)
  eden space 2560K, 0% used [0x00000000d5580000,0x00000000d5580000,0x00000000d5800000)
  from space 1024K, 64% used [0x00000000d5800000,0x00000000d58a43e8,0x00000000d5900000)
  to   space 1024K, 0% used [0x00000000d5900000,0x00000000d5900000,0x00000000d5a00000)
 ParOldGen       total 247808K, used 247411K [0x0000000080000000, 0x000000008f200000, 0x00000000d5580000)
  object space 247808K, 99% used [0x0000000080000000,0x000000008f19cf40,0x000000008f200000)
 Metaspace       used 52172K, committed 53376K, reserved 1114112K
  class space    used 5686K, committed 6144K, reserved 1048576K
}
Event: 41.248 GC heap before
{Heap before GC invocations=140 (full 2):
 PSYoungGen      total 3584K, used 3216K [0x00000000d5580000, 0x00000000d5a00000, 0x0000000100000000)
  eden space 2560K, 100% used [0x00000000d5580000,0x00000000d5800000,0x00000000d5800000)
  from space 1024K, 64% used [0x00000000d5800000,0x00000000d58a43e8,0x00000000d5900000)
  to   space 1024K, 0% used [0x00000000d5900000,0x00000000d5900000,0x00000000d5a00000)
 ParOldGen       total 247808K, used 247411K [0x0000000080000000, 0x000000008f200000, 0x00000000d5580000)
  object space 247808K, 99% used [0x0000000080000000,0x000000008f19cf90,0x000000008f200000)
 Metaspace       used 52172K, committed 53376K, reserved 1114112K
  class space    used 5686K, committed 6144K, reserved 1048576K
}
Event: 41.250 GC heap after
{Heap after GC invocations=140 (full 2):
 PSYoungGen      total 3584K, used 736K [0x00000000d5580000, 0x00000000d5a00000, 0x0000000100000000)
  eden space 2560K, 0% used [0x00000000d5580000,0x00000000d5580000,0x00000000d5800000)
  from space 1024K, 71% used [0x00000000d5900000,0x00000000d59b8000,0x00000000d5a00000)
  to   space 1024K, 0% used [0x00000000d5800000,0x00000000d5800000,0x00000000d5900000)
 ParOldGen       total 248320K, used 247963K [0x0000000080000000, 0x000000008f280000, 0x00000000d5580000)
  object space 248320K, 99% used [0x0000000080000000,0x000000008f226c90,0x000000008f280000)
 Metaspace       used 52172K, committed 53376K, reserved 1114112K
  class space    used 5686K, committed 6144K, reserved 1048576K
}
Event: 41.260 GC heap before
{Heap before GC invocations=141 (full 2):
 PSYoungGen      total 3584K, used 3296K [0x00000000d5580000, 0x00000000d5a00000, 0x0000000100000000)
  eden space 2560K, 100% used [0x00000000d5580000,0x00000000d5800000,0x00000000d5800000)
  from space 1024K, 71% used [0x00000000d5900000,0x00000000d59b8000,0x00000000d5a00000)
  to   space 1024K, 0% used [0x00000000d5800000,0x00000000d5800000,0x00000000d5900000)
 ParOldGen       total 248320K, used 247965K [0x0000000080000000, 0x000000008f280000, 0x00000000d5580000)
  object space 248320K, 99% used [0x0000000080000000,0x000000008f227720,0x000000008f280000)
 Metaspace       used 52206K, committed 53376K, reserved 1114112K
  class space    used 5692K, committed 6144K, reserved 1048576K
}
Event: 41.262 GC heap after
{Heap after GC invocations=141 (full 2):
 PSYoungGen      total 3584K, used 718K [0x00000000d5580000, 0x00000000d5a00000, 0x0000000100000000)
  eden space 2560K, 0% used [0x00000000d5580000,0x00000000d5580000,0x00000000d5800000)
  from space 1024K, 70% used [0x00000000d5800000,0x00000000d58b3bc0,0x00000000d5900000)
  to   space 1024K, 0% used [0x00000000d5900000,0x00000000d5900000,0x00000000d5a00000)
 ParOldGen       total 248832K, used 248614K [0x0000000080000000, 0x000000008f300000, 0x00000000d5580000)
  object space 248832K, 99% used [0x0000000080000000,0x000000008f2c9b68,0x000000008f300000)
 Metaspace       used 52206K, committed 53376K, reserved 1114112K
  class space    used 5692K, committed 6144K, reserved 1048576K
}
Event: 41.270 GC heap before
{Heap before GC invocations=142 (full 2):
 PSYoungGen      total 3584K, used 3278K [0x00000000d5580000, 0x00000000d5a00000, 0x0000000100000000)
  eden space 2560K, 100% used [0x00000000d5580000,0x00000000d5800000,0x00000000d5800000)
  from space 1024K, 70% used [0x00000000d5800000,0x00000000d58b3bc0,0x00000000d5900000)
  to   space 1024K, 0% used [0x00000000d5900000,0x00000000d5900000,0x00000000d5a00000)
 ParOldGen       total 248832K, used 248614K [0x0000000080000000, 0x000000008f300000, 0x00000000d5580000)
  object space 248832K, 99% used [0x0000000080000000,0x000000008f2c9b68,0x000000008f300000)
 Metaspace       used 52210K, committed 53376K, reserved 1114112K
  class space    used 5692K, committed 6144K, reserved 1048576K
}
Event: 41.271 GC heap after
{Heap after GC invocations=142 (full 2):
 PSYoungGen      total 3584K, used 601K [0x00000000d5580000, 0x00000000d5a00000, 0x0000000100000000)
  eden space 2560K, 0% used [0x00000000d5580000,0x00000000d5580000,0x00000000d5800000)
  from space 1024K, 58% used [0x00000000d5900000,0x00000000d5996420,0x00000000d5a00000)
  to   space 1024K, 0% used [0x00000000d5800000,0x00000000d5800000,0x00000000d5900000)
 ParOldGen       total 249344K, used 249215K [0x0000000080000000, 0x000000008f380000, 0x00000000d5580000)
  object space 249344K, 99% used [0x0000000080000000,0x000000008f35fd40,0x000000008f380000)
 Metaspace       used 52210K, committed 53376K, reserved 1114112K
  class space    used 5692K, committed 6144K, reserved 1048576K
}
Event: 41.277 GC heap before
{Heap before GC invocations=143 (full 2):
 PSYoungGen      total 3584K, used 3161K [0x00000000d5580000, 0x00000000d5a00000, 0x0000000100000000)
  eden space 2560K, 100% used [0x00000000d5580000,0x00000000d5800000,0x00000000d5800000)
  from space 1024K, 58% used [0x00000000d5900000,0x00000000d5996420,0x00000000d5a00000)
  to   space 1024K, 0% used [0x00000000d5800000,0x00000000d5800000,0x00000000d5900000)
 ParOldGen       total 249344K, used 249215K [0x0000000080000000, 0x000000008f380000, 0x00000000d5580000)
  object space 249344K, 99% used [0x0000000080000000,0x000000008f35fd40,0x000000008f380000)
 Metaspace       used 52211K, committed 53376K, reserved 1114112K
  class space    used 5692K, committed 6144K, reserved 1048576K
}
Event: 41.280 GC heap after
{Heap after GC invocations=143 (full 2):
 PSYoungGen      total 3584K, used 1024K [0x00000000d5580000, 0x00000000d5d00000, 0x0000000100000000)
  eden space 2560K, 0% used [0x00000000d5580000,0x00000000d5580000,0x00000000d5800000)
  from space 1024K, 100% used [0x00000000d5800000,0x00000000d5900000,0x00000000d5900000)
  to   space 2560K, 0% used [0x00000000d5a80000,0x00000000d5a80000,0x00000000d5d00000)
 ParOldGen       total 250368K, used 250349K [0x0000000080000000, 0x000000008f480000, 0x00000000d5580000)
  object space 250368K, 99% used [0x0000000080000000,0x000000008f47b728,0x000000008f480000)
 Metaspace       used 52211K, committed 53376K, reserved 1114112K
  class space    used 5692K, committed 6144K, reserved 1048576K
}
Event: 41.283 GC heap before
{Heap before GC invocations=144 (full 2):
 PSYoungGen      total 3584K, used 3584K [0x00000000d5580000, 0x00000000d5d00000, 0x0000000100000000)
  eden space 2560K, 100% used [0x00000000d5580000,0x00000000d5800000,0x00000000d5800000)
  from space 1024K, 100% used [0x00000000d5800000,0x00000000d5900000,0x00000000d5900000)
  to   space 2560K, 0% used [0x00000000d5a80000,0x00000000d5a80000,0x00000000d5d00000)
 ParOldGen       total 250368K, used 250349K [0x0000000080000000, 0x000000008f480000, 0x00000000d5580000)
  object space 250368K, 99% used [0x0000000080000000,0x000000008f47b728,0x000000008f480000)
 Metaspace       used 52213K, committed 53376K, reserved 1114112K
  class space    used 5692K, committed 6144K, reserved 1048576K
}
Event: 41.286 GC heap after
{Heap after GC invocations=144 (full 2):
 PSYoungGen      total 5120K, used 1856K [0x00000000d5580000, 0x00000000d5c80000, 0x0000000100000000)
  eden space 3072K, 0% used [0x00000000d5580000,0x00000000d5580000,0x00000000d5880000)
  from space 2048K, 90% used [0x00000000d5a80000,0x00000000d5c50000,0x00000000d5c80000)
  to   space 2048K, 0% used [0x00000000d5880000,0x00000000d5880000,0x00000000d5a80000)
 ParOldGen       total 251392K, used 251383K [0x0000000080000000, 0x000000008f580000, 0x00000000d5580000)
  object space 251392K, 99% used [0x0000000080000000,0x000000008f57deb8,0x000000008f580000)
 Metaspace       used 52213K, committed 53376K, reserved 1114112K
  class space    used 5692K, committed 6144K, reserved 1048576K
}
Event: 41.291 GC heap before
{Heap before GC invocations=145 (full 2):
 PSYoungGen      total 5120K, used 4928K [0x00000000d5580000, 0x00000000d5c80000, 0x0000000100000000)
  eden space 3072K, 100% used [0x00000000d5580000,0x00000000d5880000,0x00000000d5880000)
  from space 2048K, 90% used [0x00000000d5a80000,0x00000000d5c50000,0x00000000d5c80000)
  to   space 2048K, 0% used [0x00000000d5880000,0x00000000d5880000,0x00000000d5a80000)
 ParOldGen       total 251392K, used 251383K [0x0000000080000000, 0x000000008f580000, 0x00000000d5580000)
  object space 251392K, 99% used [0x0000000080000000,0x000000008f57deb8,0x000000008f580000)
 Metaspace       used 52213K, committed 53376K, reserved 1114112K
  class space    used 5692K, committed 6144K, reserved 1048576K
}

