# JRE version: OpenJDK Runtime Environment Temurin-21.0.9+10 (21.0.9+10) (build 21.0.9+10-LTS)
# Java VM: OpenJDK 64-Bit Server VM Temurin-21.0.9+10 (21.0.9+10-LTS, mixed mode, sharing, tiered, compressed oops, compressed class ptrs, parallel gc, windows-amd64)
GC Precious Log:
 CardTable entry size: 512
 CPUs: 12 total, 12 available
 Memory: 7896M
 Large Page Support: Disabled
 NUMA Support: Disabled
 Compressed Oops: Enabled (32-bit)
 Alignments: Space 512K, Generation 512K, Heap 2M
 Heap Min Capacity: 100M
 Heap Initial Capacity: 100M
 Heap Max Capacity: 2G
 Pre-touch: Disabled
 Parallel Workers: 10
Heap:
 PSYoungGen      total 22528K, used 18239K [0x00000000d5580000, 0x00000000d6f80000, 0x0000000100000000)
  eden space 22016K, 81% used [0x00000000d5580000,0x00000000d6707d18,0x00000000d6b00000)
  from space 512K, 56% used [0x00000000d6f00000,0x00000000d6f48000,0x00000000d6f80000)
  to   space 1024K, 0% used [0x00000000d6d80000,0x00000000d6d80000,0x00000000d6e80000)
 ParOldGen       total 68608K, used 43059K [0x0000000080000000, 0x0000000084300000, 0x00000000d5580000)
  object space 68608K, 62% used [0x0000000080000000,0x0000000082a0cce0,0x0000000084300000)
 Metaspace       used 54557K, committed 55808K, reserved 1114112K
  class space    used 5873K, committed 6400K, reserved 1048576K
GC Heap History (20 events):
Event: 15.495 GC heap before
{Heap before GC invocations=21 (full 2):
 PSYoungGen      total 23552K, used 23200K [0x00000000d5580000, 0x00000000d7200000, 0x0000000100000000)
  eden space 22016K, 100% used [0x00000000d5580000,0x00000000d6b00000,0x00000000d6b00000)
  from space 1536K, 77% used [0x00000000d7080000,0x00000000d71a8000,0x00000000d7200000)
  to   space 1536K, 0% used [0x00000000d6f00000,0x00000000d6f00000,0x00000000d7080000)
 ParOldGen       total 68608K, used 25424K [0x0000000080000000, 0x0000000084300000, 0x00000000d5580000)
  object space 68608K, 37% used [0x0000000080000000,0x00000000818d4358,0x0000000084300000)
 Metaspace       used 46871K, committed 48064K, reserved 1114112K
  class space    used 5079K, committed 5568K, reserved 1048576K
}
Event: 15.497 GC heap after
{Heap after GC invocations=21 (full 2):
 PSYoungGen      total 23552K, used 1504K [0x00000000d5580000, 0x00000000d7100000, 0x0000000100000000)
  eden space 22016K, 0% used [0x00000000d5580000,0x00000000d5580000,0x00000000d6b00000)
  from space 1536K, 97% used [0x00000000d6f00000,0x00000000d7078030,0x00000000d7080000)
  to   space 512K, 0% used [0x00000000d7080000,0x00000000d7080000,0x00000000d7100000)
 ParOldGen       total 68608K, used 26462K [0x0000000080000000, 0x0000000084300000, 0x00000000d5580000)
  object space 68608K, 38% used [0x0000000080000000,0x00000000819d7b88,0x0000000084300000)
 Metaspace       used 46871K, committed 48064K, reserved 1114112K
  class space    used 5079K, committed 5568K, reserved 1048576K
}
Event: 15.682 GC heap before
{Heap before GC invocations=22 (full 2):
 PSYoungGen      total 23552K, used 23520K [0x00000000d5580000, 0x00000000d7100000, 0x0000000100000000)
  eden space 22016K, 100% used [0x00000000d5580000,0x00000000d6b00000,0x00000000d6b00000)
  from space 1536K, 97% used [0x00000000d6f00000,0x00000000d7078030,0x00000000d7080000)
  to   space 512K, 0% used [0x00000000d7080000,0x00000000d7080000,0x00000000d7100000)
 ParOldGen       total 68608K, used 26462K [0x0000000080000000, 0x0000000084300000, 0x00000000d5580000)
  object space 68608K, 38% used [0x0000000080000000,0x00000000819d7b88,0x0000000084300000)
 Metaspace       used 47253K, committed 48448K, reserved 1114112K
  class space    used 5139K, committed 5632K, reserved 1048576K
}
Event: 15.687 GC heap after
{Heap after GC invocations=22 (full 2):
 PSYoungGen      total 22528K, used 480K [0x00000000d5580000, 0x00000000d7400000, 0x0000000100000000)
  eden space 22016K, 0% used [0x00000000d5580000,0x00000000d5580000,0x00000000d6b00000)
  from space 512K, 93% used [0x00000000d7080000,0x00000000d70f8010,0x00000000d7100000)
  to   space 4608K, 0% used [0x00000000d6b00000,0x00000000d6b00000,0x00000000d6f80000)
 ParOldGen       total 68608K, used 29892K [0x0000000080000000, 0x0000000084300000, 0x00000000d5580000)
  object space 68608K, 43% used [0x0000000080000000,0x0000000081d31140,0x0000000084300000)
 Metaspace       used 47253K, committed 48448K, reserved 1114112K
  class space    used 5139K, committed 5632K, reserved 1048576K
}
Event: 15.869 GC heap before
{Heap before GC invocations=23 (full 2):
 PSYoungGen      total 22528K, used 22496K [0x00000000d5580000, 0x00000000d7400000, 0x0000000100000000)
  eden space 22016K, 100% used [0x00000000d5580000,0x00000000d6b00000,0x00000000d6b00000)
  from space 512K, 93% used [0x00000000d7080000,0x00000000d70f8010,0x00000000d7100000)
  to   space 4608K, 0% used [0x00000000d6b00000,0x00000000d6b00000,0x00000000d6f80000)
 ParOldGen       total 68608K, used 29892K [0x0000000080000000, 0x0000000084300000, 0x00000000d5580000)
  object space 68608K, 43% used [0x0000000080000000,0x0000000081d31140,0x0000000084300000)
 Metaspace       used 47292K, committed 48448K, reserved 1114112K
  class space    used 5139K, committed 5632K, reserved 1048576K
}
Event: 15.875 GC heap after
{Heap after GC invocations=23 (full 2):
 PSYoungGen      total 25088K, used 2786K [0x00000000d5580000, 0x00000000d7200000, 0x0000000100000000)
  eden space 22016K, 0% used [0x00000000d5580000,0x00000000d5580000,0x00000000d6b00000)
  from space 3072K, 90% used [0x00000000d6b00000,0x00000000d6db8810,0x00000000d6e00000)
  to   space 3584K, 0% used [0x00000000d6e80000,0x00000000d6e80000,0x00000000d7200000)
 ParOldGen       total 68608K, used 30343K [0x0000000080000000, 0x0000000084300000, 0x00000000d5580000)
  object space 68608K, 44% used [0x0000000080000000,0x0000000081da1e28,0x0000000084300000)
 Metaspace       used 47292K, committed 48448K, reserved 1114112K
  class space    used 5139K, committed 5632K, reserved 1048576K
}
Event: 16.006 GC heap before
{Heap before GC invocations=24 (full 2):
 PSYoungGen      total 25088K, used 24802K [0x00000000d5580000, 0x00000000d7200000, 0x0000000100000000)
  eden space 22016K, 100% used [0x00000000d5580000,0x00000000d6b00000,0x00000000d6b00000)
  from space 3072K, 90% used [0x00000000d6b00000,0x00000000d6db8810,0x00000000d6e00000)
  to   space 3584K, 0% used [0x00000000d6e80000,0x00000000d6e80000,0x00000000d7200000)
 ParOldGen       total 68608K, used 30343K [0x0000000080000000, 0x0000000084300000, 0x00000000d5580000)
  object space 68608K, 44% used [0x0000000080000000,0x0000000081da1e28,0x0000000084300000)
 Metaspace       used 47304K, committed 48512K, reserved 1114112K
  class space    used 5139K, committed 5632K, reserved 1048576K
}
Event: 16.011 GC heap after
{Heap after GC invocations=24 (full 2):
 PSYoungGen      total 24576K, used 2404K [0x00000000d5580000, 0x00000000d7100000, 0x0000000100000000)
  eden space 22016K, 0% used [0x00000000d5580000,0x00000000d5580000,0x00000000d6b00000)
  from space 2560K, 93% used [0x00000000d6e80000,0x00000000d70d9000,0x00000000d7100000)
  to   space 3072K, 0% used [0x00000000d6b00000,0x00000000d6b00000,0x00000000d6e00000)
 ParOldGen       total 68608K, used 32903K [0x0000000080000000, 0x0000000084300000, 0x00000000d5580000)
  object space 68608K, 47% used [0x0000000080000000,0x0000000082021e38,0x0000000084300000)
 Metaspace       used 47304K, committed 48512K, reserved 1114112K
  class space    used 5139K, committed 5632K, reserved 1048576K
}
Event: 16.331 GC heap before
{Heap before GC invocations=25 (full 2):
 PSYoungGen      total 24576K, used 24420K [0x00000000d5580000, 0x00000000d7100000, 0x0000000100000000)
  eden space 22016K, 100% used [0x00000000d5580000,0x00000000d6b00000,0x00000000d6b00000)
  from space 2560K, 93% used [0x00000000d6e80000,0x00000000d70d9000,0x00000000d7100000)
  to   space 3072K, 0% used [0x00000000d6b00000,0x00000000d6b00000,0x00000000d6e00000)
 ParOldGen       total 68608K, used 32903K [0x0000000080000000, 0x0000000084300000, 0x00000000d5580000)
  object space 68608K, 47% used [0x0000000080000000,0x0000000082021e38,0x0000000084300000)
 Metaspace       used 47336K, committed 48512K, reserved 1114112K
  class space    used 5140K, committed 5632K, reserved 1048576K
}
Event: 16.335 GC heap after
{Heap after GC invocations=25 (full 2):
 PSYoungGen      total 25088K, used 2560K [0x00000000d5580000, 0x00000000d7100000, 0x0000000100000000)
  eden space 22016K, 0% used [0x00000000d5580000,0x00000000d5580000,0x00000000d6b00000)
  from space 3072K, 83% used [0x00000000d6b00000,0x00000000d6d80010,0x00000000d6e00000)
  to   space 3072K, 0% used [0x00000000d6e00000,0x00000000d6e00000,0x00000000d7100000)
 ParOldGen       total 68608K, used 35103K [0x0000000080000000, 0x0000000084300000, 0x00000000d5580000)
  object space 68608K, 51% used [0x0000000080000000,0x0000000082247f38,0x0000000084300000)
 Metaspace       used 47336K, committed 48512K, reserved 1114112K
  class space    used 5140K, committed 5632K, reserved 1048576K
}
Event: 16.536 GC heap before
{Heap before GC invocations=26 (full 2):
 PSYoungGen      total 25088K, used 24576K [0x00000000d5580000, 0x00000000d7100000, 0x0000000100000000)
  eden space 22016K, 100% used [0x00000000d5580000,0x00000000d6b00000,0x00000000d6b00000)
  from space 3072K, 83% used [0x00000000d6b00000,0x00000000d6d80010,0x00000000d6e00000)
  to   space 3072K, 0% used [0x00000000d6e00000,0x00000000d6e00000,0x00000000d7100000)
 ParOldGen       total 68608K, used 35103K [0x0000000080000000, 0x0000000084300000, 0x00000000d5580000)
  object space 68608K, 51% used [0x0000000080000000,0x0000000082247f38,0x0000000084300000)
 Metaspace       used 47395K, committed 48512K, reserved 1114112K
  class space    used 5152K, committed 5632K, reserved 1048576K
}
Event: 16.541 GC heap after
{Heap after GC invocations=26 (full 2):
 PSYoungGen      total 24576K, used 2244K [0x00000000d5580000, 0x00000000d7080000, 0x0000000100000000)
  eden space 22016K, 0% used [0x00000000d5580000,0x00000000d5580000,0x00000000d6b00000)
  from space 2560K, 87% used [0x00000000d6e00000,0x00000000d70311f8,0x00000000d7080000)
  to   space 2560K, 0% used [0x00000000d6b80000,0x00000000d6b80000,0x00000000d6e00000)
 ParOldGen       total 68608K, used 37519K [0x0000000080000000, 0x0000000084300000, 0x00000000d5580000)
  object space 68608K, 54% used [0x0000000080000000,0x00000000824a3f48,0x0000000084300000)
 Metaspace       used 47395K, committed 48512K, reserved 1114112K
  class space    used 5152K, committed 5632K, reserved 1048576K
}
Event: 17.333 GC heap before
{Heap before GC invocations=27 (full 2):
 PSYoungGen      total 24576K, used 24260K [0x00000000d5580000, 0x00000000d7080000, 0x0000000100000000)
  eden space 22016K, 100% used [0x00000000d5580000,0x00000000d6b00000,0x00000000d6b00000)
  from space 2560K, 87% used [0x00000000d6e00000,0x00000000d70311f8,0x00000000d7080000)
  to   space 2560K, 0% used [0x00000000d6b80000,0x00000000d6b80000,0x00000000d6e00000)
 ParOldGen       total 68608K, used 37519K [0x0000000080000000, 0x0000000084300000, 0x00000000d5580000)
  object space 68608K, 54% used [0x0000000080000000,0x00000000824a3f48,0x0000000084300000)
 Metaspace       used 49793K, committed 50944K, reserved 1114112K
  class space    used 5398K, committed 5888K, reserved 1048576K
}
Event: 17.339 GC heap after
{Heap after GC invocations=27 (full 2):
 PSYoungGen      total 24576K, used 2556K [0x00000000d5580000, 0x00000000d7600000, 0x0000000100000000)
  eden space 22016K, 0% used [0x00000000d5580000,0x00000000d5580000,0x00000000d6b00000)
  from space 2560K, 99% used [0x00000000d6b80000,0x00000000d6dff3c8,0x00000000d6e00000)
  to   space 5632K, 0% used [0x00000000d7080000,0x00000000d7080000,0x00000000d7600000)
 ParOldGen       total 68608K, used 40013K [0x0000000080000000, 0x0000000084300000, 0x00000000d5580000)
  object space 68608K, 58% used [0x0000000080000000,0x00000000827134b0,0x0000000084300000)
 Metaspace       used 49793K, committed 50944K, reserved 1114112K
  class space    used 5398K, committed 5888K, reserved 1048576K
}
Event: 18.141 GC heap before
{Heap before GC invocations=28 (full 2):
 PSYoungGen      total 24576K, used 24572K [0x00000000d5580000, 0x00000000d7600000, 0x0000000100000000)
  eden space 22016K, 100% used [0x00000000d5580000,0x00000000d6b00000,0x00000000d6b00000)
  from space 2560K, 99% used [0x00000000d6b80000,0x00000000d6dff3c8,0x00000000d6e00000)
  to   space 5632K, 0% used [0x00000000d7080000,0x00000000d7080000,0x00000000d7600000)
 ParOldGen       total 68608K, used 40013K [0x0000000080000000, 0x0000000084300000, 0x00000000d5580000)
  object space 68608K, 58% used [0x0000000080000000,0x00000000827134b0,0x0000000084300000)
 Metaspace       used 50860K, committed 52096K, reserved 1114112K
  class space    used 5522K, committed 6016K, reserved 1048576K
}
Event: 18.145 GC heap after
{Heap after GC invocations=28 (full 2):
 PSYoungGen      total 22528K, used 480K [0x00000000d5580000, 0x00000000d7100000, 0x0000000100000000)
  eden space 22016K, 0% used [0x00000000d5580000,0x00000000d5580000,0x00000000d6b00000)
  from space 512K, 93% used [0x00000000d7080000,0x00000000d70f8000,0x00000000d7100000)
  to   space 2560K, 0% used [0x00000000d6c00000,0x00000000d6c00000,0x00000000d6e80000)
 ParOldGen       total 68608K, used 42587K [0x0000000080000000, 0x0000000084300000, 0x00000000d5580000)
  object space 68608K, 62% used [0x0000000080000000,0x0000000082996ce0,0x0000000084300000)
 Metaspace       used 50860K, committed 52096K, reserved 1114112K
  class space    used 5522K, committed 6016K, reserved 1048576K
}
Event: 18.580 GC heap before
{Heap before GC invocations=29 (full 2):
 PSYoungGen      total 22528K, used 22496K [0x00000000d5580000, 0x00000000d7100000, 0x0000000100000000)
  eden space 22016K, 100% used [0x00000000d5580000,0x00000000d6b00000,0x00000000d6b00000)
  from space 512K, 93% used [0x00000000d7080000,0x00000000d70f8000,0x00000000d7100000)
  to   space 2560K, 0% used [0x00000000d6c00000,0x00000000d6c00000,0x00000000d6e80000)
 ParOldGen       total 68608K, used 42587K [0x0000000080000000, 0x0000000084300000, 0x00000000d5580000)
  object space 68608K, 62% used [0x0000000080000000,0x0000000082996ce0,0x0000000084300000)
 Metaspace       used 51484K, committed 52672K, reserved 1114112K
  class space    used 5571K, committed 6080K, reserved 1048576K
}
Event: 18.582 GC heap after
{Heap after GC invocations=29 (full 2):
 PSYoungGen      total 24576K, used 1750K [0x00000000d5580000, 0x00000000d7100000, 0x0000000100000000)
  eden space 22016K, 0% used [0x00000000d5580000,0x00000000d5580000,0x00000000d6b00000)
  from space 2560K, 68% used [0x00000000d6c00000,0x00000000d6db5a08,0x00000000d6e80000)
  to   space 2048K, 0% used [0x00000000d6f00000,0x00000000d6f00000,0x00000000d7100000)
 ParOldGen       total 68608K, used 42915K [0x0000000080000000, 0x0000000084300000, 0x00000000d5580000)
  object space 68608K, 62% used [0x0000000080000000,0x00000000829e8ce0,0x0000000084300000)
 Metaspace       used 51484K, committed 52672K, reserved 1114112K
  class space    used 5571K, committed 6080K, reserved 1048576K
}
Event: 18.810 GC heap before
{Heap before GC invocations=30 (full 2):
 PSYoungGen      total 24576K, used 23766K [0x00000000d5580000, 0x00000000d7100000, 0x0000000100000000)
  eden space 22016K, 100% used [0x00000000d5580000,0x00000000d6b00000,0x00000000d6b00000)
  from space 2560K, 68% used [0x00000000d6c00000,0x00000000d6db5a08,0x00000000d6e80000)
  to   space 2048K, 0% used [0x00000000d6f00000,0x00000000d6f00000,0x00000000d7100000)
 ParOldGen       total 68608K, used 42915K [0x0000000080000000, 0x0000000084300000, 0x00000000d5580000)
  object space 68608K, 62% used [0x0000000080000000,0x00000000829e8ce0,0x0000000084300000)
 Metaspace       used 52230K, committed 53440K, reserved 1114112K
  class space    used 5638K, committed 6144K, reserved 1048576K
}
Event: 18.811 GC heap after
{Heap after GC invocations=30 (full 2):
 PSYoungGen      total 22528K, used 288K [0x00000000d5580000, 0x00000000d6f80000, 0x0000000100000000)
  eden space 22016K, 0% used [0x00000000d5580000,0x00000000d5580000,0x00000000d6b00000)
  from space 512K, 56% used [0x00000000d6f00000,0x00000000d6f48000,0x00000000d6f80000)
  to   space 1024K, 0% used [0x00000000d6d80000,0x00000000d6d80000,0x00000000d6e80000)
 ParOldGen       total 68608K, used 43059K [0x0000000080000000, 0x0000000084300000, 0x00000000d5580000)
  object space 68608K, 62% used [0x0000000080000000,0x0000000082a0cce0,0x0000000084300000)
 Metaspace       used 52230K, committed 53440K, reserved 1114112K
  class space    used 5638K, committed 6144K, reserved 1048576K
}

